build/app/intermediates/manifest_merge_blame_file/debug/manifest-merger-blame-debug-report.txt
1<?xml version="1.0" encoding="utf-8"?>
2<manifest xmlns:android="http://schemas.android.com/apk/res/android"
3    package="com.wasay.where"
4    android:versionCode="1"
5    android:versionName="1.0.0" >
6
7    <uses-sdk
8        android:minSdkVersion="21"
9        android:targetSdkVersion="29" />
10    <!--
11         Flutter needs it to communicate with the running application
12         to allow setting breakpoints, to provide hot reload, etc.
13    -->
14    <uses-permission android:name="android.permission.INTERNET" />
14-->src\main\AndroidManifest.xml:15:5-67
14-->src\main\AndroidManifest.xml:15:22-64
15    <!--
16     io.flutter.app.FlutterApplication is an android.app.Application that
17         calls FlutterMain.startInitialization(this); in its onCreate method.
18         In most cases you can leave this as-is, but you if you want to provide
19         additional functionality it is fine to subclass or reimplement
20         FlutterApplication and put your custom class here.
21    -->
22    <uses-permission android:name="android.permission.RECEIVE_BOOT_COMPLETED" />
22-->src\main\AndroidManifest.xml:8:5-80
22-->src\main\AndroidManifest.xml:8:22-78
23    <uses-permission android:name="android.permission.WAKE_LOCK" />
23-->src\main\AndroidManifest.xml:9:5-68
23-->src\main\AndroidManifest.xml:9:22-65
24    <uses-permission android:name="android.permission.REQUEST_IGNORE_BATTERY_OPTIMIZATIONS" />
24-->src\main\AndroidManifest.xml:10:5-95
24-->src\main\AndroidManifest.xml:10:22-92
25    <uses-permission android:name="android.permission.FOREGROUND_SERVICE" />
25-->src\main\AndroidManifest.xml:11:5-76
25-->src\main\AndroidManifest.xml:11:22-74
26    <uses-permission
26-->src\main\AndroidManifest.xml:12:5-68
27        android:name="android.permission.BLUETOOTH"
27-->src\main\AndroidManifest.xml:12:22-65
28        android:required="false" />
28-->[org.altbeacon:android-beacon-library:2.16.3] AndroidManifest.xml:13:9-33
29    <uses-permission
29-->src\main\AndroidManifest.xml:13:5-74
30        android:name="android.permission.BLUETOOTH_ADMIN"
30-->src\main\AndroidManifest.xml:13:22-71
31        android:required="false" />
31-->[org.altbeacon:android-beacon-library:2.16.3] AndroidManifest.xml:16:9-33
32    <uses-permission android:name="android.permission.ACCESS_FINE_LOCATION" />
32-->src\main\AndroidManifest.xml:14:5-79
32-->src\main\AndroidManifest.xml:14:22-76
33    <uses-permission android:name="android.permission.ACCESS_COARSE_LOCATION" />
33-->src\main\AndroidManifest.xml:16:5-81
33-->src\main\AndroidManifest.xml:16:22-78
34    <uses-permission android:name="android.permission.WRITE_EXTERNAL_STORAGE" />
34-->src\main\AndroidManifest.xml:17:5-80
34-->src\main\AndroidManifest.xml:17:22-78
35    <uses-permission android:name="android.permission.READ_EXTERNAL_STORAGE" />
35-->src\main\AndroidManifest.xml:18:5-79
35-->src\main\AndroidManifest.xml:18:22-77
36    <uses-permission android:name="android.permission.FOREGROUND_SERVICE" />
36-->src\main\AndroidManifest.xml:11:5-76
36-->src\main\AndroidManifest.xml:11:22-74
37    <uses-permission android:name="android.permission.CAMERA" />
37-->[:flutter_barcode_scanner] AndroidManifest.xml:9:5-65
37-->[:flutter_barcode_scanner] AndroidManifest.xml:9:22-62
38
39    <uses-feature android:name="android.hardware.camera" />
39-->[:flutter_barcode_scanner] AndroidManifest.xml:11:5-60
39-->[:flutter_barcode_scanner] AndroidManifest.xml:11:19-57
40
41    <uses-permission android:name="android.permission.FLASHLIGHT" />
41-->[:flutter_barcode_scanner] AndroidManifest.xml:13:5-69
41-->[:flutter_barcode_scanner] AndroidManifest.xml:13:22-66
42    <uses-permission android:name="android.permission.VIBRATE" />
42-->[:flutter_local_notifications] AndroidManifest.xml:8:5-66
42-->[:flutter_local_notifications] AndroidManifest.xml:8:22-63
43    <uses-permission android:name="android.permission.USE_FULL_SCREEN_INTENT" /> <!-- Samsung Badge -->
43-->[:flutter_local_notifications] AndroidManifest.xml:9:5-81
43-->[:flutter_local_notifications] AndroidManifest.xml:9:22-78
44    <uses-permission android:name="com.sec.android.provider.badge.permission.READ" />
44-->[:awesome_notifications] AndroidManifest.xml:8:5-86
44-->[:awesome_notifications] AndroidManifest.xml:8:22-83
45    <uses-permission android:name="com.sec.android.provider.badge.permission.WRITE" /> <!-- Sony Badge -->
45-->[:awesome_notifications] AndroidManifest.xml:9:5-87
45-->[:awesome_notifications] AndroidManifest.xml:9:22-84
46    <uses-permission android:name="com.sonyericsson.home.permission.BROADCAST_BADGE" /> <!-- HTC Badge -->
46-->[:awesome_notifications] AndroidManifest.xml:12:5-88
46-->[:awesome_notifications] AndroidManifest.xml:12:22-85
47    <uses-permission android:name="com.htc.launcher.permission.READ_SETTINGS" />
47-->[:awesome_notifications] AndroidManifest.xml:15:5-81
47-->[:awesome_notifications] AndroidManifest.xml:15:22-78
48    <uses-permission android:name="com.htc.launcher.permission.UPDATE_SHORTCUT" />
48-->[:awesome_notifications] AndroidManifest.xml:16:5-83
48-->[:awesome_notifications] AndroidManifest.xml:16:22-80
49    <uses-permission android:name="android.permission.ACCESS_NETWORK_STATE" />
49-->[:connectivity] AndroidManifest.xml:7:5-79
49-->[:connectivity] AndroidManifest.xml:7:22-76
50
51    <uses-feature
51-->[com.google.android.gms:play-services-maps:17.0.0] AndroidManifest.xml:26:5-28:35
52        android:glEsVersion="0x00020000"
52-->[com.google.android.gms:play-services-maps:17.0.0] AndroidManifest.xml:27:9-41
53        android:required="true" />
53-->[com.google.android.gms:play-services-maps:17.0.0] AndroidManifest.xml:28:9-32
54
55    <application
55-->src\main\AndroidManifest.xml:21:5-89:19
56        android:name="io.flutter.app.FlutterApplication"
56-->src\main\AndroidManifest.xml:24:9-57
57        android:appComponentFactory="androidx.core.app.CoreComponentFactory"
57-->[androidx.core:core:1.3.2] AndroidManifest.xml:24:18-86
58        android:debuggable="true"
59        android:icon="@mipmap/ic_launcher"
59-->src\main\AndroidManifest.xml:26:9-43
60        android:label="KS Project"
60-->src\main\AndroidManifest.xml:25:9-35
61        android:largeHeap="true"
61-->[:flutter_barcode_scanner] AndroidManifest.xml:16:9-33
62        android:networkSecurityConfig="@xml/network_security_config"
62-->src\main\AndroidManifest.xml:27:9-69
63        android:requestLegacyExternalStorage="true"
63-->src\main\AndroidManifest.xml:22:9-52
64        android:theme="@style/Theme.AppCompat.NoActionBar"
64-->[:flutter_barcode_scanner] AndroidManifest.xml:17:9-59
65        android:usesCleartextTraffic="true" >
65-->src\main\AndroidManifest.xml:23:9-44
66        <service
66-->src\main\AndroidManifest.xml:29:9-32:31
67            android:name="io.flutter.plugins.androidalarmmanager.AlarmService"
67-->src\main\AndroidManifest.xml:30:5-71
68            android:exported="false"
68-->src\main\AndroidManifest.xml:32:5-29
69            android:permission="android.permission.BIND_JOB_SERVICE" />
69-->src\main\AndroidManifest.xml:31:5-61
70
71        <receiver
71-->src\main\AndroidManifest.xml:33:1-35:31
72            android:name="io.flutter.plugins.androidalarmmanager.AlarmBroadcastReceiver"
72-->src\main\AndroidManifest.xml:34:5-81
73            android:exported="false" />
73-->src\main\AndroidManifest.xml:35:5-29
74        <receiver
74-->src\main\AndroidManifest.xml:36:1-42:12
75            android:name="io.flutter.plugins.androidalarmmanager.RebootBroadcastReceiver"
75-->src\main\AndroidManifest.xml:37:5-82
76            android:enabled="false" >
76-->src\main\AndroidManifest.xml:38:5-28
77            <intent-filter>
77-->src\main\AndroidManifest.xml:39:5-41:21
78                <action android:name="android.intent.action.BOOT_COMPLETED" />
78-->src\main\AndroidManifest.xml:40:9-70
78-->src\main\AndroidManifest.xml:40:17-68
79            </intent-filter>
80        </receiver>
81
82        <meta-data
82-->src\main\AndroidManifest.xml:44:9-45:70
83            android:name="com.google.android.geo.API_KEY"
83-->src\main\AndroidManifest.xml:44:20-65
84            android:value="AIzaSyDJMP3QREQLMoDTL_Sb-MCkUjCuNEdo2vw" />
84-->src\main\AndroidManifest.xml:45:13-68
85        <meta-data
85-->src\main\AndroidManifest.xml:46:9-49:15
86            android:name="io.flutter.embedding.android.SplashScreenDrawable"
86-->src\main\AndroidManifest.xml:47:13-77
87            android:resource="@drawable/my_splash" />
87-->src\main\AndroidManifest.xml:48:13-51
88        <meta-data
88-->src\main\AndroidManifest.xml:50:9-51:66
89            android:name="io.flutter.network-policy"
89-->src\main\AndroidManifest.xml:50:20-60
90            android:resource="@xml/network_security_config" />
90-->src\main\AndroidManifest.xml:51:17-64
91
92        <activity
92-->src\main\AndroidManifest.xml:52:9-83:20
93            android:name="com.example.where.MainActivity"
93-->src\main\AndroidManifest.xml:53:13-41
94            android:configChanges="orientation|keyboardHidden|keyboard|screenSize|smallestScreenSize|locale|layoutDirection|fontScale|screenLayout|density|uiMode"
94-->src\main\AndroidManifest.xml:56:13-163
95            android:hardwareAccelerated="true"
95-->src\main\AndroidManifest.xml:57:13-47
96            android:launchMode="singleTop"
96-->src\main\AndroidManifest.xml:54:13-43
97            android:theme="@style/LaunchTheme"
97-->src\main\AndroidManifest.xml:55:13-47
98            android:windowSoftInputMode="adjustResize" >
98-->src\main\AndroidManifest.xml:58:13-55
99
100            <!--
101                 Specifies an Android theme to apply to this Activity as soon as
102                 the Android process has started. This theme is visible to the user
103                 while the Flutter UI initializes. After that, this theme continues
104                 to determine the Window background behind the Flutter UI.
105            -->
106            <meta-data
106-->src\main\AndroidManifest.xml:63:13-66:17
107                android:name="io.flutter.embedding.android.NormalTheme"
107-->src\main\AndroidManifest.xml:64:15-70
108                android:resource="@style/NormalTheme" />
108-->src\main\AndroidManifest.xml:65:15-52
109            <!--
110                 Displays an Android View that continues showing the launch screen
111                 Drawable until Flutter paints its first frame, then this splash
112                 screen fades out. A splash screen is useful to avoid any visual
113                 gap between the end of Android's launch screen and the painting of
114                 Flutter's first frame.
115            -->
116            <meta-data
116-->src\main\AndroidManifest.xml:46:9-49:15
117                android:name="io.flutter.embedding.android.SplashScreenDrawable"
117-->src\main\AndroidManifest.xml:47:13-77
118                android:resource="@drawable/launch_background" />
118-->src\main\AndroidManifest.xml:48:13-51
119            <meta-data
119-->src\main\AndroidManifest.xml:76:13-78:33
120                android:name="flutterEmbedding"
120-->src\main\AndroidManifest.xml:77:13-44
121                android:value="2" />
121-->src\main\AndroidManifest.xml:78:13-30
122
123            <intent-filter>
123-->src\main\AndroidManifest.xml:79:13-82:29
124                <action android:name="android.intent.action.MAIN" />
124-->src\main\AndroidManifest.xml:80:17-68
124-->src\main\AndroidManifest.xml:80:25-66
125
126                <category android:name="android.intent.category.LAUNCHER" />
126-->src\main\AndroidManifest.xml:81:17-76
126-->src\main\AndroidManifest.xml:81:27-74
127            </intent-filter>
128        </activity>
129        <!--
130             Don't delete the meta-data below.
131             This is used by the Flutter tool to generate GeneratedPluginRegistrant.java
132        -->
133        <meta-data
133-->src\main\AndroidManifest.xml:76:13-78:33
134            android:name="flutterEmbedding"
134-->src\main\AndroidManifest.xml:77:13-44
135            android:value="2" />
135-->src\main\AndroidManifest.xml:78:13-30
136
137        <service
137-->[:location] AndroidManifest.xml:11:9-15:56
138            android:name="com.lyokone.location.FlutterLocationService"
138-->[:location] AndroidManifest.xml:12:13-71
139            android:enabled="true"
139-->[:location] AndroidManifest.xml:13:13-35
140            android:exported="false"
140-->[:location] AndroidManifest.xml:14:13-37
141            android:foregroundServiceType="location" />
141-->[:location] AndroidManifest.xml:15:13-53
142
143        <activity android:name="com.amolg.flutterbarcodescanner.BarcodeCaptureActivity" />
143-->[:flutter_barcode_scanner] AndroidManifest.xml:18:9-91
143-->[:flutter_barcode_scanner] AndroidManifest.xml:18:19-88
144
145        <receiver android:name="com.dexterous.flutterlocalnotifications.ScheduledNotificationReceiver" />
145-->[:flutter_local_notifications] AndroidManifest.xml:12:9-106
145-->[:flutter_local_notifications] AndroidManifest.xml:12:19-103
146        <receiver android:name="com.dexterous.flutterlocalnotifications.ScheduledNotificationBootReceiver" >
146-->[:flutter_local_notifications] AndroidManifest.xml:13:9-20:20
146-->[:flutter_local_notifications] AndroidManifest.xml:13:19-107
147            <intent-filter>
147-->[:flutter_local_notifications] AndroidManifest.xml:14:13-19:29
148                <action android:name="android.intent.action.BOOT_COMPLETED" />
148-->src\main\AndroidManifest.xml:40:9-70
148-->src\main\AndroidManifest.xml:40:17-68
149                <action android:name="android.intent.action.MY_PACKAGE_REPLACED" />
149-->[:flutter_local_notifications] AndroidManifest.xml:16:17-84
149-->[:flutter_local_notifications] AndroidManifest.xml:16:25-81
150                <action android:name="android.intent.action.QUICKBOOT_POWERON" />
150-->[:flutter_local_notifications] AndroidManifest.xml:17:17-82
150-->[:flutter_local_notifications] AndroidManifest.xml:17:25-79
151                <action android:name="com.htc.intent.action.QUICKBOOT_POWERON" />
151-->[:flutter_local_notifications] AndroidManifest.xml:18:17-82
151-->[:flutter_local_notifications] AndroidManifest.xml:18:25-79
152            </intent-filter>
153        </receiver>
154
155        <service android:name="id.flutter.flutter_background_service.BackgroundService" />
155-->[:flutter_background_service] AndroidManifest.xml:12:9-91
155-->[:flutter_background_service] AndroidManifest.xml:12:18-88
156
157        <receiver android:name="id.flutter.flutter_background_service.WatchdogReceiver" />
157-->[:flutter_background_service] AndroidManifest.xml:14:9-91
157-->[:flutter_background_service] AndroidManifest.xml:14:19-88
158        <receiver android:name="id.flutter.flutter_background_service.BootReceiver" >
158-->[:flutter_background_service] AndroidManifest.xml:15:9-19:20
158-->[:flutter_background_service] AndroidManifest.xml:15:19-84
159            <intent-filter>
159-->src\main\AndroidManifest.xml:39:5-41:21
160                <action android:name="android.intent.action.BOOT_COMPLETED" />
160-->src\main\AndroidManifest.xml:40:9-70
160-->src\main\AndroidManifest.xml:40:17-68
161            </intent-filter>
162        </receiver>
163        <!--
164        <service
165            android:name=".services.firebase.FCMService"
166            android:exported="false">
167            <intent-filter>
168                <action android:name="com.google.firebase.MESSAGING_EVENT"/>
169            </intent-filter>
170        </service>
171
172        <service
173            android:name=".services.AutoCancelService"
174            android:stopWithTask="true" />
175
176        <meta-data android:name="firebase_messaging_auto_init_enabled" android:value="true" />
177
178        <meta-data
179            android:name="com.google.firebase.messaging.default_notification_channel_id"
180            android:value="me.carda.awesome_notifications.firebase.background_channel"/>
181        -->
182        <receiver android:name="me.carda.awesome_notifications.notifications.broadcastReceivers.DismissedNotificationReceiver" />
182-->[:awesome_notifications] AndroidManifest.xml:41:9-130
182-->[:awesome_notifications] AndroidManifest.xml:41:19-127
183        <receiver android:name="me.carda.awesome_notifications.notifications.broadcastReceivers.ScheduledNotificationReceiver" />
183-->[:awesome_notifications] AndroidManifest.xml:42:9-130
183-->[:awesome_notifications] AndroidManifest.xml:42:19-127
184        <receiver android:name="me.carda.awesome_notifications.notifications.broadcastReceivers.KeepOnTopActionReceiver" />
184-->[:awesome_notifications] AndroidManifest.xml:43:9-124
184-->[:awesome_notifications] AndroidManifest.xml:43:19-121
185        <receiver android:name="me.carda.awesome_notifications.notifications.broadcastReceivers.RefreshNotificationBootReceiver" >
185-->[:awesome_notifications] AndroidManifest.xml:44:9-54:20
185-->[:awesome_notifications] AndroidManifest.xml:44:19-129
186            <intent-filter>
186-->[:awesome_notifications] AndroidManifest.xml:45:13-53:29
187                <category android:name="android.intent.category.DEFAULT" />
187-->[:awesome_notifications] AndroidManifest.xml:46:17-76
187-->[:awesome_notifications] AndroidManifest.xml:46:27-73
188
189                <action android:name="android.intent.action.BOOT_COMPLETED" />
189-->src\main\AndroidManifest.xml:40:9-70
189-->src\main\AndroidManifest.xml:40:17-68
190                <action android:name="android.intent.action.LOCKED_BOOT_COMPLETED" />
190-->[:awesome_notifications] AndroidManifest.xml:49:17-86
190-->[:awesome_notifications] AndroidManifest.xml:49:25-83
191                <action android:name="android.intent.action.MY_PACKAGE_REPLACED" />
191-->[:flutter_local_notifications] AndroidManifest.xml:16:17-84
191-->[:flutter_local_notifications] AndroidManifest.xml:16:25-81
192                <action android:name="android.intent.action.QUICKBOOT_POWERON" />
192-->[:flutter_local_notifications] AndroidManifest.xml:17:17-82
192-->[:flutter_local_notifications] AndroidManifest.xml:17:25-79
193                <action android:name="com.htc.intent.action.QUICKBOOT_POWERON" />
193-->[:flutter_local_notifications] AndroidManifest.xml:18:17-82
193-->[:flutter_local_notifications] AndroidManifest.xml:18:25-79
194            </intent-filter>
195        </receiver>
196        <receiver android:name="androidx.media.session.MediaButtonReceiver" >
196-->[:awesome_notifications] AndroidManifest.xml:55:9-59:20
196-->[:awesome_notifications] AndroidManifest.xml:55:19-76
197            <intent-filter>
197-->[:awesome_notifications] AndroidManifest.xml:56:13-58:29
198                <action android:name="android.intent.action.MEDIA_BUTTON" />
198-->[:awesome_notifications] AndroidManifest.xml:57:17-77
198-->[:awesome_notifications] AndroidManifest.xml:57:25-74
199            </intent-filter>
200        </receiver>
201
202        <activity
202-->[:url_launcher] AndroidManifest.xml:8:9-11:74
203            android:name="io.flutter.plugins.urllauncher.WebViewActivity"
203-->[:url_launcher] AndroidManifest.xml:9:13-74
204            android:exported="false"
204-->[:url_launcher] AndroidManifest.xml:10:13-37
205            android:theme="@android:style/Theme.NoTitleBar.Fullscreen" /> <!-- Needs to be explicitly declared on P+ -->
205-->[:url_launcher] AndroidManifest.xml:11:13-71
206        <uses-library
206-->[com.google.android.gms:play-services-maps:17.0.0] AndroidManifest.xml:33:9-35:40
207            android:name="org.apache.http.legacy"
207-->[com.google.android.gms:play-services-maps:17.0.0] AndroidManifest.xml:34:13-50
208            android:required="false" />
208-->[com.google.android.gms:play-services-maps:17.0.0] AndroidManifest.xml:35:13-37
209
210        <activity
210-->[com.google.android.gms:play-services-base:17.0.0] AndroidManifest.xml:23:9-26:75
211            android:name="com.google.android.gms.common.api.GoogleApiActivity"
211-->[com.google.android.gms:play-services-base:17.0.0] AndroidManifest.xml:24:13-79
212            android:exported="false"
212-->[com.google.android.gms:play-services-base:17.0.0] AndroidManifest.xml:25:13-37
213            android:theme="@android:style/Theme.Translucent.NoTitleBar" />
213-->[com.google.android.gms:play-services-base:17.0.0] AndroidManifest.xml:26:13-72
214
215        <meta-data
215-->[com.google.android.gms:play-services-basement:17.0.0] AndroidManifest.xml:23:9-25:69
216            android:name="com.google.android.gms.version"
216-->[com.google.android.gms:play-services-basement:17.0.0] AndroidManifest.xml:24:13-58
217            android:value="@integer/google_play_services_version" />
217-->[com.google.android.gms:play-services-basement:17.0.0] AndroidManifest.xml:25:13-66
218
219        <provider
219-->[androidx.lifecycle:lifecycle-process:2.2.0] AndroidManifest.xml:25:9-29:43
220            android:name="androidx.lifecycle.ProcessLifecycleOwnerInitializer"
220-->[androidx.lifecycle:lifecycle-process:2.2.0] AndroidManifest.xml:26:13-79
221            android:authorities="com.wasay.where.lifecycle-process"
221-->[androidx.lifecycle:lifecycle-process:2.2.0] AndroidManifest.xml:27:13-69
222            android:exported="false"
222-->[androidx.lifecycle:lifecycle-process:2.2.0] AndroidManifest.xml:28:13-37
223            android:multiprocess="true" />
223-->[androidx.lifecycle:lifecycle-process:2.2.0] AndroidManifest.xml:29:13-40
224
225        <receiver android:name="org.altbeacon.beacon.startup.StartupBroadcastReceiver" >
225-->[org.altbeacon:android-beacon-library:2.16.3] AndroidManifest.xml:21:9-27:20
225-->[org.altbeacon:android-beacon-library:2.16.3] AndroidManifest.xml:21:19-87
226            <intent-filter>
226-->[org.altbeacon:android-beacon-library:2.16.3] AndroidManifest.xml:22:13-26:29
227                <action android:name="android.intent.action.BOOT_COMPLETED" />
227-->src\main\AndroidManifest.xml:40:9-70
227-->src\main\AndroidManifest.xml:40:17-68
228                <action android:name="android.intent.action.ACTION_POWER_CONNECTED" />
228-->[org.altbeacon:android-beacon-library:2.16.3] AndroidManifest.xml:24:17-87
228-->[org.altbeacon:android-beacon-library:2.16.3] AndroidManifest.xml:24:25-84
229                <action android:name="android.intent.action.ACTION_POWER_DISCONNECTED" />
229-->[org.altbeacon:android-beacon-library:2.16.3] AndroidManifest.xml:25:17-90
229-->[org.altbeacon:android-beacon-library:2.16.3] AndroidManifest.xml:25:25-87
230            </intent-filter>
231        </receiver>
232
233        <service
233-->[org.altbeacon:android-beacon-library:2.16.3] AndroidManifest.xml:29:9-34:38
234            android:name="org.altbeacon.beacon.service.BeaconService"
234-->[org.altbeacon:android-beacon-library:2.16.3] AndroidManifest.xml:30:13-70
235            android:enabled="true"
235-->[org.altbeacon:android-beacon-library:2.16.3] AndroidManifest.xml:31:13-35
236            android:exported="false"
236-->[org.altbeacon:android-beacon-library:2.16.3] AndroidManifest.xml:32:13-37
237            android:isolatedProcess="false"
237-->[org.altbeacon:android-beacon-library:2.16.3] AndroidManifest.xml:33:13-44
238            android:label="beacon" />
238-->[org.altbeacon:android-beacon-library:2.16.3] AndroidManifest.xml:34:13-35
239        <service
239-->[org.altbeacon:android-beacon-library:2.16.3] AndroidManifest.xml:35:9-38:40
240            android:name="org.altbeacon.beacon.BeaconIntentProcessor"
240-->[org.altbeacon:android-beacon-library:2.16.3] AndroidManifest.xml:36:13-70
241            android:enabled="true"
241-->[org.altbeacon:android-beacon-library:2.16.3] AndroidManifest.xml:37:13-35
242            android:exported="false" />
242-->[org.altbeacon:android-beacon-library:2.16.3] AndroidManifest.xml:38:13-37
243        <service
243-->[org.altbeacon:android-beacon-library:2.16.3] AndroidManifest.xml:39:9-48:19
244            android:name="org.altbeacon.beacon.service.ScanJob"
244-->[org.altbeacon:android-beacon-library:2.16.3] AndroidManifest.xml:40:13-64
245            android:permission="android.permission.BIND_JOB_SERVICE" >
245-->[org.altbeacon:android-beacon-library:2.16.3] AndroidManifest.xml:41:13-69
246            <meta-data
246-->[org.altbeacon:android-beacon-library:2.16.3] AndroidManifest.xml:42:13-44:45
247                android:name="immediateScanJobId"
247-->[org.altbeacon:android-beacon-library:2.16.3] AndroidManifest.xml:43:17-50
248                android:value="208352939" />
248-->[org.altbeacon:android-beacon-library:2.16.3] AndroidManifest.xml:44:17-42
249            <meta-data
249-->[org.altbeacon:android-beacon-library:2.16.3] AndroidManifest.xml:45:13-47:45
250                android:name="periodicScanJobId"
250-->[org.altbeacon:android-beacon-library:2.16.3] AndroidManifest.xml:46:17-49
251                android:value="208352940" />
251-->[org.altbeacon:android-beacon-library:2.16.3] AndroidManifest.xml:47:17-42
252        </service>
253        <service
253-->[org.altbeacon:android-beacon-library:2.16.3] AndroidManifest.xml:49:9-55:19
254            android:name="org.altbeacon.bluetooth.BluetoothTestJob"
254-->[org.altbeacon:android-beacon-library:2.16.3] AndroidManifest.xml:50:13-68
255            android:permission="android.permission.BIND_JOB_SERVICE" >
255-->[org.altbeacon:android-beacon-library:2.16.3] AndroidManifest.xml:51:13-69
256            <meta-data
256-->[org.altbeacon:android-beacon-library:2.16.3] AndroidManifest.xml:52:13-54:46
257                android:name="jobId"
257-->[org.altbeacon:android-beacon-library:2.16.3] AndroidManifest.xml:53:17-37
258                android:value="1799803768" />
258-->[org.altbeacon:android-beacon-library:2.16.3] AndroidManifest.xml:54:17-43
259        </service>
260    </application>
261
262</manifest>